This is pdfTeX, Version 3.141592653-2.6-1.40.22 (TeX Live 2021) (preloaded format=pdflatex 2022.3.29)  6 JUN 2022 19:12
entering extended mode
 restricted \write18 enabled.
 file:line:error style messages enabled.
 %&-line parsing enabled.
**_final_project.tex
(./_final_project.tex
LaTeX2e <2020-10-01> patch level 4
L3 programming layer <2021-02-18>
(/usr/local/texlive/2021/texmf-dist/tex/latex/base/article.cls
Document Class: article 2020/04/10 v1.4m Standard LaTeX document class
(/usr/local/texlive/2021/texmf-dist/tex/latex/base/size10.clo
File: size10.clo 2020/04/10 v1.4m Standard LaTeX file (size option)
)
\c@part=\count179
\c@section=\count180
\c@subsection=\count181
\c@subsubsection=\count182
\c@paragraph=\count183
\c@subparagraph=\count184
\c@figure=\count185
\c@table=\count186
\abovecaptionskip=\skip47
\belowcaptionskip=\skip48
\bibindent=\dimen138
)
(/usr/local/texlive/2021/texmf-dist/tex/latex/graphics/graphicx.sty
Package: graphicx 2020/09/09 v1.2b Enhanced LaTeX Graphics (DPC,SPQR)

(/usr/local/texlive/2021/texmf-dist/tex/latex/graphics/keyval.sty
Package: keyval 2014/10/28 v1.15 key=value parser (DPC)
\KV@toks@=\toks15
)
(/usr/local/texlive/2021/texmf-dist/tex/latex/graphics/graphics.sty
Package: graphics 2020/08/30 v1.4c Standard LaTeX Graphics (DPC,SPQR)

(/usr/local/texlive/2021/texmf-dist/tex/latex/graphics/trig.sty
Package: trig 2016/01/03 v1.10 sin cos tan (DPC)
)
(/usr/local/texlive/2021/texmf-dist/tex/latex/graphics-cfg/graphics.cfg
File: graphics.cfg 2016/06/04 v1.11 sample graphics configuration
)
Package graphics Info: Driver file: pdftex.def on input line 105.

(/usr/local/texlive/2021/texmf-dist/tex/latex/graphics-def/pdftex.def
File: pdftex.def 2020/10/05 v1.2a Graphics/color driver for pdftex
))
\Gin@req@height=\dimen139
\Gin@req@width=\dimen140
)
(/usr/local/texlive/2021/texmf-dist/tex/latex/amsfonts/amssymb.sty
Package: amssymb 2013/01/14 v3.01 AMS font symbols

(/usr/local/texlive/2021/texmf-dist/tex/latex/amsfonts/amsfonts.sty
Package: amsfonts 2013/01/14 v3.01 Basic AMSFonts support
\@emptytoks=\toks16
\symAMSa=\mathgroup4
\symAMSb=\mathgroup5
LaTeX Font Info:    Redeclaring math symbol \hbar on input line 98.
LaTeX Font Info:    Overwriting math alphabet `\mathfrak' in version `bold'
(Font)                  U/euf/m/n --> U/euf/b/n on input line 106.
))
(/usr/local/texlive/2021/texmf-dist/tex/latex/epstopdf-pkg/epstopdf.sty
Package: epstopdf 2020-01-24 v2.11 Conversion with epstopdf on the fly (HO)

(/usr/local/texlive/2021/texmf-dist/tex/generic/infwarerr/infwarerr.sty
Package: infwarerr 2019/12/03 v1.5 Providing info/warning/error messages (HO)
)
(/usr/local/texlive/2021/texmf-dist/tex/latex/grfext/grfext.sty
Package: grfext 2019/12/03 v1.3 Manage graphics extensions (HO)

(/usr/local/texlive/2021/texmf-dist/tex/generic/kvdefinekeys/kvdefinekeys.sty
Package: kvdefinekeys 2019-12-19 v1.6 Define keys (HO)
)) (/usr/local/texlive/2021/texmf-dist/tex/latex/kvoptions/kvoptions.sty
Package: kvoptions 2020-10-07 v3.14 Key value format for package options (HO)

(/usr/local/texlive/2021/texmf-dist/tex/generic/ltxcmds/ltxcmds.sty
Package: ltxcmds 2020-05-10 v1.25 LaTeX kernel commands for general use (HO)
)
(/usr/local/texlive/2021/texmf-dist/tex/generic/kvsetkeys/kvsetkeys.sty
Package: kvsetkeys 2019/12/15 v1.18 Key value parser (HO)
))
(/usr/local/texlive/2021/texmf-dist/tex/generic/pdftexcmds/pdftexcmds.sty
Package: pdftexcmds 2020-06-27 v0.33 Utility functions of pdfTeX for LuaTeX (HO
)

(/usr/local/texlive/2021/texmf-dist/tex/generic/iftex/iftex.sty
Package: iftex 2020/03/06 v1.0d TeX engine tests
)
Package pdftexcmds Info: \pdf@primitive is available.
Package pdftexcmds Info: \pdf@ifprimitive is available.
Package pdftexcmds Info: \pdfdraftmode found.
)
(/usr/local/texlive/2021/texmf-dist/tex/latex/epstopdf-pkg/epstopdf-base.sty
Package: epstopdf-base 2020-01-24 v2.11 Base part for package epstopdf
Package epstopdf-base Info: Redefining graphics rule for `.eps' on input line 4
85.
Package grfext Info: Graphics extension search list:
(grfext)             [.pdf,.png,.jpg,.mps,.jpeg,.jbig2,.jb2,.PDF,.PNG,.JPG,.JPE
G,.JBIG2,.JB2,.eps]
(grfext)             \AppendGraphicsExtensions on input line 504.

(/usr/local/texlive/2021/texmf-dist/tex/latex/latexconfig/epstopdf-sys.cfg
File: epstopdf-sys.cfg 2010/07/13 v1.3 Configuration of (r)epstopdf for TeX Liv
e
)))
(/usr/local/texlive/2021/texmf-dist/tex/latex/caption/caption.sty
Package: caption 2020/10/26 v3.5g Customizing captions (AR)

(/usr/local/texlive/2021/texmf-dist/tex/latex/caption/caption3.sty
Package: caption3 2020/10/21 v2.2e caption3 kernel (AR)
\captionmargin=\dimen141
\captionmargin@=\dimen142
\captionwidth=\dimen143
\caption@tempdima=\dimen144
\caption@indent=\dimen145
\caption@parindent=\dimen146
\caption@hangindent=\dimen147
Package caption Info: Standard document class detected.
)
\c@caption@flags=\count187
\c@continuedfloat=\count188
)
(/usr/local/texlive/2021/texmf-dist/tex/latex/amsmath/amsmath.sty
Package: amsmath 2020/09/23 v2.17i AMS math features
\@mathmargin=\skip49

For additional information on amsmath, use the `?' option.
(/usr/local/texlive/2021/texmf-dist/tex/latex/amsmath/amstext.sty
Package: amstext 2000/06/29 v2.01 AMS text

(/usr/local/texlive/2021/texmf-dist/tex/latex/amsmath/amsgen.sty
File: amsgen.sty 1999/11/30 v2.0 generic functions
\@emptytoks=\toks17
\ex@=\dimen148
))
(/usr/local/texlive/2021/texmf-dist/tex/latex/amsmath/amsbsy.sty
Package: amsbsy 1999/11/29 v1.2d Bold Symbols
\pmbraise@=\dimen149
)
(/usr/local/texlive/2021/texmf-dist/tex/latex/amsmath/amsopn.sty
Package: amsopn 2016/03/08 v2.02 operator names
)
\inf@bad=\count189
LaTeX Info: Redefining \frac on input line 234.
\uproot@=\count190
\leftroot@=\count191
LaTeX Info: Redefining \overline on input line 399.
\classnum@=\count192
\DOTSCASE@=\count193
LaTeX Info: Redefining \ldots on input line 496.
LaTeX Info: Redefining \dots on input line 499.
LaTeX Info: Redefining \cdots on input line 620.
\Mathstrutbox@=\box47
\strutbox@=\box48
\big@size=\dimen150
LaTeX Font Info:    Redeclaring font encoding OML on input line 743.
LaTeX Font Info:    Redeclaring font encoding OMS on input line 744.
\macc@depth=\count194
\c@MaxMatrixCols=\count195
\dotsspace@=\muskip16
\c@parentequation=\count196
\dspbrk@lvl=\count197
\tag@help=\toks18
\row@=\count198
\column@=\count199
\maxfields@=\count266
\andhelp@=\toks19
\eqnshift@=\dimen151
\alignsep@=\dimen152
\tagshift@=\dimen153
\tagwidth@=\dimen154
\totwidth@=\dimen155
\lineht@=\dimen156
\@envbody=\toks20
\multlinegap=\skip50
\multlinetaggap=\skip51
\mathdisplay@stack=\toks21
LaTeX Info: Redefining \[ on input line 2923.
LaTeX Info: Redefining \] on input line 2924.
)
(/usr/local/texlive/2021/texmf-dist/tex/latex/tipa/tipx.sty
(/usr/local/texlive/2021/texmf-dist/tex/latex/tipa/tipa.sty
Package: tipa 2002/08/08 TIPA version 1.1

(/usr/local/texlive/2021/texmf-dist/tex/latex/base/fontenc.sty
Package: fontenc 2020/08/10 v2.0s Standard LaTeX package

(/usr/local/texlive/2021/texmf-dist/tex/latex/tipa/t3enc.def
File: t3enc.def 2001/12/31 T3 encoding
Now handling font encoding T3 ...
... no UTF-8 mapping file for font encoding T3
)))
Package: tipx 2003/01/01 TIPX version 1.2
)
(/usr/local/texlive/2021/texmf-dist/tex/latex/breakcites/breakcites.sty)
(/usr/local/texlive/2021/texmf-dist/tex/latex/enumitem/enumitem.sty
Package: enumitem 2019/06/20 v3.9 Customized lists
\labelindent=\skip52
\enit@outerparindent=\dimen157
\enit@toks=\toks22
\enit@inbox=\box49
\enit@count@id=\count267
\enitdp@description=\count268
)
(/usr/local/texlive/2021/texmf-dist/tex/latex/float/float.sty
Package: float 2001/11/08 v1.3d Float enhancements (AL)
\c@float@type=\count269
\float@exts=\toks23
\float@box=\box50
\@float@everytoks=\toks24
\@floatcapt=\box51
)
(/usr/local/texlive/2021/texmf-dist/tex/latex/fancyvrb/fancyvrb.sty
Package: fancyvrb 2021/01/20 v3.7 verbatim text (tvz,hv)
\FV@CodeLineNo=\count270
\FV@InFile=\read2
\FV@TabBox=\box52
\c@FancyVerbLine=\count271
\FV@StepNumber=\count272
\FV@OutFile=\write3
)
(/usr/local/texlive/2021/texmf-dist/tex/latex/graphics/color.sty
Package: color 2020/02/24 v1.2b Standard LaTeX Color (DPC)

(/usr/local/texlive/2021/texmf-dist/tex/latex/graphics-cfg/color.cfg
File: color.cfg 2016/01/02 v1.6 sample color configuration
)
Package color Info: Driver file: pdftex.def on input line 147.
)
(/usr/local/texlive/2021/texmf-dist/tex/latex/hyperref/hyperref.sty
Package: hyperref 2021-02-27 v7.00k Hypertext links for LaTeX

(/usr/local/texlive/2021/texmf-dist/tex/generic/pdfescape/pdfescape.sty
Package: pdfescape 2019/12/09 v1.15 Implements pdfTeX's escape features (HO)
)
(/usr/local/texlive/2021/texmf-dist/tex/latex/hycolor/hycolor.sty
Package: hycolor 2020-01-27 v1.10 Color options for hyperref/bookmark (HO)
)
(/usr/local/texlive/2021/texmf-dist/tex/latex/letltxmacro/letltxmacro.sty
Package: letltxmacro 2019/12/03 v1.6 Let assignment for LaTeX macros (HO)
)
(/usr/local/texlive/2021/texmf-dist/tex/latex/auxhook/auxhook.sty
Package: auxhook 2019-12-17 v1.6 Hooks for auxiliary files (HO)
)
\@linkdim=\dimen158
\Hy@linkcounter=\count273
\Hy@pagecounter=\count274

(/usr/local/texlive/2021/texmf-dist/tex/latex/hyperref/pd1enc.def
File: pd1enc.def 2021-02-27 v7.00k Hyperref: PDFDocEncoding definition (HO)
Now handling font encoding PD1 ...
... no UTF-8 mapping file for font encoding PD1
)
(/usr/local/texlive/2021/texmf-dist/tex/latex/hyperref/hyperref-langpatches.def
File: hyperref-langpatches.def 2021-02-27 v7.00k Hyperref: patches for babel la
nguages
) (/usr/local/texlive/2021/texmf-dist/tex/generic/intcalc/intcalc.sty
Package: intcalc 2019/12/15 v1.3 Expandable calculations with integers (HO)
)
(/usr/local/texlive/2021/texmf-dist/tex/generic/etexcmds/etexcmds.sty
Package: etexcmds 2019/12/15 v1.7 Avoid name clashes with e-TeX commands (HO)
)
\Hy@SavedSpaceFactor=\count275

(/usr/local/texlive/2021/texmf-dist/tex/latex/hyperref/puenc.def
File: puenc.def 2021-02-27 v7.00k Hyperref: PDF Unicode definition (HO)
Now handling font encoding PU ...
... no UTF-8 mapping file for font encoding PU
)
Package hyperref Info: Option `colorlinks' set `true' on input line 4073.
Package hyperref Info: Hyper figures OFF on input line 4192.
Package hyperref Info: Link nesting OFF on input line 4197.
Package hyperref Info: Hyper index ON on input line 4200.
Package hyperref Info: Plain pages OFF on input line 4207.
Package hyperref Info: Backreferencing OFF on input line 4212.
Package hyperref Info: Implicit mode ON; LaTeX internals redefined.
Package hyperref Info: Bookmarks ON on input line 4445.
\c@Hy@tempcnt=\count276

(/usr/local/texlive/2021/texmf-dist/tex/latex/url/url.sty
\Urlmuskip=\muskip17
Package: url 2013/09/16  ver 3.4  Verb mode for urls, etc.
)
LaTeX Info: Redefining \url on input line 4804.
\XeTeXLinkMargin=\dimen159

(/usr/local/texlive/2021/texmf-dist/tex/generic/bitset/bitset.sty
Package: bitset 2019/12/09 v1.3 Handle bit-vector datatype (HO)

(/usr/local/texlive/2021/texmf-dist/tex/generic/bigintcalc/bigintcalc.sty
Package: bigintcalc 2019/12/15 v1.5 Expandable calculations on big integers (HO
)
))
\Fld@menulength=\count277
\Field@Width=\dimen160
\Fld@charsize=\dimen161
Package hyperref Info: Hyper figures OFF on input line 6075.
Package hyperref Info: Link nesting OFF on input line 6080.
Package hyperref Info: Hyper index ON on input line 6083.
Package hyperref Info: backreferencing OFF on input line 6090.
Package hyperref Info: Link coloring ON on input line 6093.
Package hyperref Info: Link coloring with OCG OFF on input line 6100.
Package hyperref Info: PDF/A mode OFF on input line 6105.
LaTeX Info: Redefining \ref on input line 6145.
LaTeX Info: Redefining \pageref on input line 6149.

(/usr/local/texlive/2021/texmf-dist/tex/latex/base/atbegshi-ltx.sty
Package: atbegshi-ltx 2020/08/17 v1.0a Emulation of the original atbegshi packa
ge
with kernel methods
)
\Hy@abspage=\count278
\c@Item=\count279
\c@Hfootnote=\count280
)
Package hyperref Info: Driver (autodetected): hpdftex.

(/usr/local/texlive/2021/texmf-dist/tex/latex/hyperref/hpdftex.def
File: hpdftex.def 2021-02-27 v7.00k Hyperref driver for pdfTeX

(/usr/local/texlive/2021/texmf-dist/tex/latex/base/atveryend-ltx.sty
Package: atveryend-ltx 2020/08/19 v1.0a Emulation of the original atvery packag
e
with kernel methods
)
\Fld@listcount=\count281
\c@bookmark@seq@number=\count282

(/usr/local/texlive/2021/texmf-dist/tex/latex/rerunfilecheck/rerunfilecheck.sty
Package: rerunfilecheck 2019/12/05 v1.9 Rerun checks for auxiliary files (HO)

(/usr/local/texlive/2021/texmf-dist/tex/generic/uniquecounter/uniquecounter.sty
Package: uniquecounter 2019/12/15 v1.4 Provide unlimited unique counter (HO)
)
Package uniquecounter Info: New unique counter `rerunfilecheck' on input line 2
86.
)
\Hy@SectionHShift=\skip53
) (/usr/local/texlive/2021/texmf-dist/tex/latex/base/makeidx.sty
Package: makeidx 2014/09/29 v1.0m Standard LaTeX package
)
\c@theorem=\count283
\c@definition=\count284
\@indexfile=\write4
\openout4 = `_final_project.idx'.


Writing index file _final_project.idx
(/usr/local/texlive/2021/texmf-dist/tex/latex/l3backend/l3backend-pdftex.def
File: l3backend-pdftex.def 2021-03-18 L3 backend support: PDF output (pdfTeX)
\l__color_backend_stack_int=\count285
\l__pdf_internal_box=\box53
)
No file _final_project.aux.
\openout1 = `_final_project.aux'.

LaTeX Font Info:    Checking defaults for OML/cmm/m/it on input line 80.
LaTeX Font Info:    ... okay on input line 80.
LaTeX Font Info:    Checking defaults for OMS/cmsy/m/n on input line 80.
LaTeX Font Info:    ... okay on input line 80.
LaTeX Font Info:    Checking defaults for OT1/cmr/m/n on input line 80.
LaTeX Font Info:    ... okay on input line 80.
LaTeX Font Info:    Checking defaults for T1/cmr/m/n on input line 80.
LaTeX Font Info:    ... okay on input line 80.
LaTeX Font Info:    Checking defaults for TS1/cmr/m/n on input line 80.
LaTeX Font Info:    ... okay on input line 80.
LaTeX Font Info:    Checking defaults for OMX/cmex/m/n on input line 80.
LaTeX Font Info:    ... okay on input line 80.
LaTeX Font Info:    Checking defaults for U/cmr/m/n on input line 80.
LaTeX Font Info:    ... okay on input line 80.
LaTeX Font Info:    Checking defaults for T3/cmr/m/n on input line 80.
LaTeX Font Info:    Trying to load font information for T3+cmr on input line 80
.
(/usr/local/texlive/2021/texmf-dist/tex/latex/tipa/t3cmr.fd
File: t3cmr.fd 2001/12/31 TIPA font definitions
)
LaTeX Font Info:    ... okay on input line 80.
LaTeX Font Info:    Checking defaults for PD1/pdf/m/n on input line 80.
LaTeX Font Info:    ... okay on input line 80.
LaTeX Font Info:    Checking defaults for PU/pdf/m/n on input line 80.
LaTeX Font Info:    ... okay on input line 80.

(/usr/local/texlive/2021/texmf-dist/tex/context/base/mkii/supp-pdf.mkii
[Loading MPS to PDF converter (version 2006.09.02).]
\scratchcounter=\count286
\scratchdimen=\dimen162
\scratchbox=\box54
\nofMPsegments=\count287
\nofMParguments=\count288
\everyMPshowfont=\toks25
\MPscratchCnt=\count289
\MPscratchDim=\dimen163
\MPnumerator=\count290
\makeMPintoPDFobject=\count291
\everyMPtoPDFconversion=\toks26
)
Package caption Info: Begin \AtBeginDocument code.
Package caption Info: float package is loaded.
Package caption Info: hyperref package is loaded.
Package caption Info: End \AtBeginDocument code.
Package hyperref Info: Link coloring ON on input line 80.
 (/usr/local/texlive/2021/texmf-dist/tex/latex/hyperref/nameref.sty
Package: nameref 2021-04-02 v2.47 Cross-referencing by name of section

(/usr/local/texlive/2021/texmf-dist/tex/latex/refcount/refcount.sty
Package: refcount 2019/12/15 v3.6 Data extraction from label references (HO)
)
(/usr/local/texlive/2021/texmf-dist/tex/generic/gettitlestring/gettitlestring.s
ty
Package: gettitlestring 2019/12/15 v1.6 Cleanup title references (HO)
)
\c@section@level=\count292
)
LaTeX Info: Redefining \ref on input line 80.
LaTeX Info: Redefining \pageref on input line 80.
LaTeX Info: Redefining \nameref on input line 80.
\@outlinefile=\write5
\openout5 = `_final_project.out'.

 [1

{/usr/local/texlive/2021/texmf-var/fonts/map/pdftex/updmap/pdftex.map}]
[2] (./_assets/_eda/ontb.tex
LaTeX Font Info:    Trying to load font information for U+msa on input line 5.

(/usr/local/texlive/2021/texmf-dist/tex/latex/amsfonts/umsa.fd
File: umsa.fd 2013/01/14 v3.01 AMS symbols A
)
LaTeX Font Info:    Trying to load font information for U+msb on input line 5.

(/usr/local/texlive/2021/texmf-dist/tex/latex/amsfonts/umsb.fd
File: umsb.fd 2013/01/14 v3.01 AMS symbols B
))
<_assets/_eda/grossprofit_hist_t.png, id=24, 1084.05pt x 803.0pt>
File: _assets/_eda/grossprofit_hist_t.png Graphic file (type png)
<use _assets/_eda/grossprofit_hist_t.png>
Package pdftex.def Info: _assets/_eda/grossprofit_hist_t.png  used on input lin
e 204.
(pdftex.def)             Requested size: 227.62204pt x 168.59822pt.
 [3 <./_assets/_eda/grossprofit_hist_t.png>]
<_assets/_eda/runtime_on.png, id=34, 2890.8pt x 1806.75pt>
File: _assets/_eda/runtime_on.png Graphic file (type png)
<use _assets/_eda/runtime_on.png>
Package pdftex.def Info: _assets/_eda/runtime_on.png  used on input line 216.
(pdftex.def)             Requested size: 227.62204pt x 142.25475pt.
<_assets/_eda/runtime_iagp.png, id=35, 1084.05pt x 803.0pt>
File: _assets/_eda/runtime_iagp.png Graphic file (type png)
<use _assets/_eda/runtime_iagp.png>
Package pdftex.def Info: _assets/_eda/runtime_iagp.png  used on input line 218.

(pdftex.def)             Requested size: 227.62204pt x 168.59822pt.
<_assets/_eda/genre_iagp_bp.png, id=36, 1084.05pt x 803.0pt>
File: _assets/_eda/genre_iagp_bp.png Graphic file (type png)
<use _assets/_eda/genre_iagp_bp.png>
Package pdftex.def Info: _assets/_eda/genre_iagp_bp.png  used on input line 227
.
(pdftex.def)             Requested size: 227.62204pt x 168.59822pt.
<_assets/_eda/on_by_genre.png, id=37, 725.53412pt x 408.11295pt>
File: _assets/_eda/on_by_genre.png Graphic file (type png)
<use _assets/_eda/on_by_genre.png>
Package pdftex.def Info: _assets/_eda/on_by_genre.png  used on input line 229.
(pdftex.def)             Requested size: 227.62204pt x 128.03316pt.
 (./_assets/_eda/gnontab.tex [4 <./_assets/_eda/runtime_on.png> <./_assets/_eda
/runtime_iagp.png> <./_assets/_eda/genre_iagp_bp.png> <./_assets/_eda/on_by_gen
re.png>])
<_assets/_eda/rating_iagp_bp.png, id=47, 1084.05pt x 803.0pt>
File: _assets/_eda/rating_iagp_bp.png Graphic file (type png)
<use _assets/_eda/rating_iagp_bp.png>
Package pdftex.def Info: _assets/_eda/rating_iagp_bp.png  used on input line 23
8.
(pdftex.def)             Requested size: 227.62204pt x 168.59822pt.
 (./_assets/_eda/rantab.tex)
(./_assets/_assets_knn/language_eda.tex [5 <./_assets/_eda/rating_iagp_bp.png>]
)
<_assets/_eda/star_power_on.png, id=55, 2890.8pt x 1806.75pt>
File: _assets/_eda/star_power_on.png Graphic file (type png)
<use _assets/_eda/star_power_on.png>
Package pdftex.def Info: _assets/_eda/star_power_on.png  used on input line 253
.
(pdftex.def)             Requested size: 227.62204pt x 142.25475pt.
<_assets/_eda/star_power_iagp.png, id=56, 1084.05pt x 803.0pt>
File: _assets/_eda/star_power_iagp.png Graphic file (type png)
<use _assets/_eda/star_power_iagp.png>
Package pdftex.def Info: _assets/_eda/star_power_iagp.png  used on input line 2
55.
(pdftex.def)             Requested size: 227.62204pt x 168.59822pt.
<_assets/_eda/writer_pop_on.png, id=57, 2890.8pt x 1806.75pt>
File: _assets/_eda/writer_pop_on.png Graphic file (type png)
<use _assets/_eda/writer_pop_on.png>
Package pdftex.def Info: _assets/_eda/writer_pop_on.png  used on input line 263
.
(pdftex.def)             Requested size: 227.62204pt x 142.25475pt.
<_assets/_eda/writer_pop_iagp.png, id=58, 1084.05pt x 803.0pt>
File: _assets/_eda/writer_pop_iagp.png Graphic file (type png)
<use _assets/_eda/writer_pop_iagp.png>
Package pdftex.def Info: _assets/_eda/writer_pop_iagp.png  used on input line 2
65.
(pdftex.def)             Requested size: 227.62204pt x 168.59822pt.
 [6 <./_assets/_eda/star_power_on.png> <./_assets/_eda/star_power_iagp.png> <./
_assets/_eda/writer_pop_on.png> <./_assets/_eda/writer_pop_iagp.png>]
<_assets/_eda/dir_pop_iagp_bp.png, id=68, 1084.05pt x 803.0pt>
File: _assets/_eda/dir_pop_iagp_bp.png Graphic file (type png)
<use _assets/_eda/dir_pop_iagp_bp.png>
Package pdftex.def Info: _assets/_eda/dir_pop_iagp_bp.png  used on input line 2
75.
(pdftex.def)             Requested size: 227.62204pt x 168.59822pt.

(./_assets/_eda/dontab.tex)
<_assets/_eda/co_size_iagp_bp.png, id=69, 1084.05pt x 803.0pt>
File: _assets/_eda/co_size_iagp_bp.png Graphic file (type png)
<use _assets/_eda/co_size_iagp_bp.png>
Package pdftex.def Info: _assets/_eda/co_size_iagp_bp.png  used on input line 2
84.
(pdftex.def)             Requested size: 227.62204pt x 168.59822pt.
 (./_assets/_eda/contab.tex [7 <./_assets/_eda/dir_pop_iagp_bp.png>])
<_assets/_eda/releaseperiod_iagp_bp.png, id=77, 1084.05pt x 803.0pt>
File: _assets/_eda/releaseperiod_iagp_bp.png Graphic file (type png)
<use _assets/_eda/releaseperiod_iagp_bp.png>
Package pdftex.def Info: _assets/_eda/releaseperiod_iagp_bp.png  used on input 
line 293.
(pdftex.def)             Requested size: 227.62204pt x 168.59822pt.
<_assets/_eda/on_by_release_period.png, id=78, 699.5547pt x 341.98354pt>
File: _assets/_eda/on_by_release_period.png Graphic file (type png)
<use _assets/_eda/on_by_release_period.png>
Package pdftex.def Info: _assets/_eda/on_by_release_period.png  used on input l
ine 295.
(pdftex.def)             Requested size: 227.62204pt x 111.27379pt.
 (./_assets/_eda/rpontab.tex [8 <./_assets/_eda/co_size_iagp_bp.png> <./_assets
/_eda/releaseperiod_iagp_bp.png> <./_assets/_eda/on_by_release_period.png>])
<_assets/_eda/budget_on.png, id=87, 2890.8pt x 1806.75pt>
File: _assets/_eda/budget_on.png Graphic file (type png)
<use _assets/_eda/budget_on.png>
Package pdftex.def Info: _assets/_eda/budget_on.png  used on input line 304.
(pdftex.def)             Requested size: 227.62204pt x 142.25475pt.
<_assets/_eda/budget_v_profit25_corr_plot.png, id=88, 725.53412pt x 408.11295pt
>
File: _assets/_eda/budget_v_profit25_corr_plot.png Graphic file (type png)
<use _assets/_eda/budget_v_profit25_corr_plot.png>
Package pdftex.def Info: _assets/_eda/budget_v_profit25_corr_plot.png  used on 
input line 306.
(pdftex.def)             Requested size: 227.62204pt x 128.03316pt.
 [9 <./_assets/_eda/budget_on.png> <./_assets/_eda/budget_v_profit25_corr_plot.
png>] [10] [11]
<_assets/log-reg-plots/log_reg__tuning-plot-roc-curve-1.png, id=115, 1204.5pt x
 903.375pt>
File: _assets/log-reg-plots/log_reg__tuning-plot-roc-curve-1.png Graphic file (
type png)
<use _assets/log-reg-plots/log_reg__tuning-plot-roc-curve-1.png>
Package pdftex.def Info: _assets/log-reg-plots/log_reg__tuning-plot-roc-curve-1
.png  used on input line 353.
(pdftex.def)             Requested size: 227.62204pt x 170.70569pt.
 [12 <./_assets/log-reg-plots/log_reg__tuning-plot-roc-curve-1.png>] [13]
<_assets/predictive_analysis/variable_importance_rf_bop.png, id=134, 725.53412p
t x 408.11295pt>
File: _assets/predictive_analysis/variable_importance_rf_bop.png Graphic file (
type png)
<use _assets/predictive_analysis/variable_importance_rf_bop.png>
Package pdftex.def Info: _assets/predictive_analysis/variable_importance_rf_bop
.png  used on input line 393.
(pdftex.def)             Requested size: 227.62204pt x 128.03316pt.
 (./_assets/predictive_analysis/lm_summary.tex) [14 <./_assets/predictive_analy
sis/variable_importance_rf_bop.png>]
(./_assets/predictive_analysis/pr_rc_oscar_nom.tex) [15]
<_assets/predictive_analysis/variable_importance_rf_osc_nom.png, id=147, 725.53
412pt x 408.11295pt>
File: _assets/predictive_analysis/variable_importance_rf_osc_nom.png Graphic fi
le (type png)
<use _assets/predictive_analysis/variable_importance_rf_osc_nom.png>
Package pdftex.def Info: _assets/predictive_analysis/variable_importance_rf_osc
_nom.png  used on input line 421.
(pdftex.def)             Requested size: 227.62204pt x 128.03316pt.
<_assets/log-reg-plots/dwplot.png, id=148, 1204.5pt x 903.375pt>
File: _assets/log-reg-plots/dwplot.png Graphic file (type png)
<use _assets/log-reg-plots/dwplot.png>
Package pdftex.def Info: _assets/log-reg-plots/dwplot.png  used on input line 4
23.
(pdftex.def)             Requested size: 227.62204pt x 170.70569pt.
<_assets/_eda/eda__boxplot_budget_vs_metacritic_binned.png, id=149, 2890.8pt x 
1806.75pt>
File: _assets/_eda/eda__boxplot_budget_vs_metacritic_binned.png Graphic file (t
ype png)
<use _assets/_eda/eda__boxplot_budget_vs_metacritic_binned.png>
Package pdftex.def Info: _assets/_eda/eda__boxplot_budget_vs_metacritic_binned.
png  used on input line 433.
(pdftex.def)             Requested size: 227.62204pt x 142.25475pt.
 [16 <./_assets/predictive_analysis/variable_importance_rf_osc_nom.png> <./_ass
ets/log-reg-plots/dwplot.png> <./_assets/_eda/eda__boxplot_budget_vs_metacritic
_binned.png>]
<_assets/_assets_knn/star_wars_common_words.png, id=157, 2890.8pt x 1806.75pt>
File: _assets/_assets_knn/star_wars_common_words.png Graphic file (type png)
<use _assets/_assets_knn/star_wars_common_words.png>
Package pdftex.def Info: _assets/_assets_knn/star_wars_common_words.png  used o
n input line 447.
(pdftex.def)             Requested size: 227.62204pt x 142.25475pt.
<_assets/_assets_knn/star_wars_common_keywords.png, id=158, 2890.8pt x 1806.75p
t>
File: _assets/_assets_knn/star_wars_common_keywords.png Graphic file (type png)

<use _assets/_assets_knn/star_wars_common_keywords.png>
Package pdftex.def Info: _assets/_assets_knn/star_wars_common_keywords.png  use
d on input line 449.
(pdftex.def)             Requested size: 227.62204pt x 142.25475pt.

(./_assets/_assets_knn/star_wars_table.tex) [17 <./_assets/_assets_knn/star_war
s_common_words.png> <./_assets/_assets_knn/star_wars_common_keywords.png>]
<_assets/_assets_knn/godfather_common_genres.png, id=168, 2890.8pt x 1806.75pt>

File: _assets/_assets_knn/godfather_common_genres.png Graphic file (type png)
<use _assets/_assets_knn/godfather_common_genres.png>
Package pdftex.def Info: _assets/_assets_knn/godfather_common_genres.png  used 
on input line 456.
(pdftex.def)             Requested size: 227.62204pt x 142.25475pt.
<_assets/_assets_knn/godfather_common_keywords.png, id=169, 2890.8pt x 1806.75p
t>
File: _assets/_assets_knn/godfather_common_keywords.png Graphic file (type png)

<use _assets/_assets_knn/godfather_common_keywords.png>
Package pdftex.def Info: _assets/_assets_knn/godfather_common_keywords.png  use
d on input line 458.
(pdftex.def)             Requested size: 227.62204pt x 142.25475pt.

(./_assets/_assets_knn/godfather_table.tex)
<_assets/_assets_knn/forrest_gump_common_genres.png, id=170, 2890.8pt x 1806.75
pt>
File: _assets/_assets_knn/forrest_gump_common_genres.png Graphic file (type png
)
<use _assets/_assets_knn/forrest_gump_common_genres.png>
Package pdftex.def Info: _assets/_assets_knn/forrest_gump_common_genres.png  us
ed on input line 465.
(pdftex.def)             Requested size: 227.62204pt x 142.25475pt.
<_assets/_assets_knn/forrest_gump_common_words.png, id=171, 2890.8pt x 1806.75p
t>
File: _assets/_assets_knn/forrest_gump_common_words.png Graphic file (type png)

<use _assets/_assets_knn/forrest_gump_common_words.png>
Package pdftex.def Info: _assets/_assets_knn/forrest_gump_common_words.png  use
d on input line 467.
(pdftex.def)             Requested size: 227.62204pt x 142.25475pt.

(./_assets/_assets_knn/forrest_gump_table.tex [18 <./_assets/_assets_knn/godfat
her_common_genres.png> <./_assets/_assets_knn/godfather_common_keywords.png>])
[19 <./_assets/_assets_knn/forrest_gump_common_genres.png> <./_assets/_assets_k
nn/forrest_gump_common_words.png>] (./_final_project.aux)

LaTeX Warning: Label(s) may have changed. Rerun to get cross-references right.


Package rerunfilecheck Warning: File `_final_project.out' has changed.
(rerunfilecheck)                Rerun to get outlines right
(rerunfilecheck)                or use package `bookmark'.

Package rerunfilecheck Info: Checksums for `_final_project.out':
(rerunfilecheck)             Before: <no file>
(rerunfilecheck)             After:  DB5252C43E5F6FE1F4D28F4B2D163111;3907.
 ) 
Here is how much of TeX's memory you used:
 12164 strings out of 478994
 185618 string characters out of 5858184
 472536 words of memory out of 5000000
 29373 multiletter control sequences out of 15000+600000
 408592 words of font info for 46 fonts, out of 8000000 for 9000
 1141 hyphenation exceptions out of 8191
 77i,10n,85p,1555b,431s stack positions out of 5000i,500n,10000p,200000b,80000s
{/usr/local/texlive/2021/texmf-dist/fonts/enc/dvips/cm-super/cm-super-ts1.enc
}</usr/local/texlive/2021/texmf-dist/fonts/type1/public/amsfonts/cm/cmbx12.pfb>
</usr/local/texlive/2021/texmf-dist/fonts/type1/public/amsfonts/cm/cmex10.pfb><
/usr/local/texlive/2021/texmf-dist/fonts/type1/public/amsfonts/cm/cmmi10.pfb></
usr/local/texlive/2021/texmf-dist/fonts/type1/public/amsfonts/cm/cmmi5.pfb></us
r/local/texlive/2021/texmf-dist/fonts/type1/public/amsfonts/cm/cmmi7.pfb></usr/
local/texlive/2021/texmf-dist/fonts/type1/public/amsfonts/cm/cmr10.pfb></usr/lo
cal/texlive/2021/texmf-dist/fonts/type1/public/amsfonts/cm/cmr12.pfb></usr/loca
l/texlive/2021/texmf-dist/fonts/type1/public/amsfonts/cm/cmr7.pfb></usr/local/t
exlive/2021/texmf-dist/fonts/type1/public/amsfonts/cm/cmsy10.pfb></usr/local/te
xlive/2021/texmf-dist/fonts/type1/public/amsfonts/cm/cmti10.pfb></usr/local/tex
live/2021/texmf-dist/fonts/type1/public/cm-super/sfrm1000.pfb>
Output written on _final_project.pdf (19 pages, 2021098 bytes).
PDF statistics:
 240 PDF objects out of 1000 (max. 8388607)
 152 compressed objects within 2 object streams
 58 named destinations out of 1000 (max. 500000)
 136 words of extra memory for PDF output out of 10000 (max. 10000000)

